<?xml version="1.0" encoding="UTF-8"?>
<coverage generated="1770590595102" clover="3.2.0">
  <project timestamp="1770590595102" name="All files">
    <metrics statements="38" coveredstatements="38" conditionals="16" coveredconditionals="16" methods="14" coveredmethods="14" elements="68" coveredelements="68" complexity="0" loc="38" ncloc="38" packages="3" files="3" classes="3"/>
    <package name="src">
      <metrics statements="6" coveredstatements="6" conditionals="0" coveredconditionals="0" methods="1" coveredmethods="1"/>
      <file name="App.tsx" path="C:\sergio-dev-portfolio\sergio-dev-portfolio\src\App.tsx">
        <metrics statements="6" coveredstatements="6" conditionals="0" coveredconditionals="0" methods="1" coveredmethods="1"/>
        <line num="1" count="1" type="stmt"/>
        <line num="2" count="1" type="stmt"/>
        <line num="3" count="1" type="stmt"/>
        <line num="4" count="1" type="stmt"/>
        <line num="7" count="3" type="stmt"/>
        <line num="15" count="1" type="stmt"/>
      </file>
    </package>
    <package name="src.components.NavBar">
      <metrics statements="15" coveredstatements="15" conditionals="8" coveredconditionals="8" methods="7" coveredmethods="7"/>
      <file name="NavBar.tsx" path="C:\sergio-dev-portfolio\sergio-dev-portfolio\src\components\NavBar\NavBar.tsx">
        <metrics statements="15" coveredstatements="15" conditionals="8" coveredconditionals="8" methods="7" coveredmethods="7"/>
        <line num="1" count="1" type="stmt"/>
        <line num="2" count="1" type="stmt"/>
        <line num="3" count="1" type="stmt"/>
        <line num="6" count="1" type="stmt"/>
        <line num="7" count="12" type="stmt"/>
        <line num="8" count="12" type="cond" truecount="2" falsecount="0"/>
        <line num="9" count="12" type="stmt"/>
        <line num="11" count="12" type="stmt"/>
        <line num="13" count="12" type="stmt"/>
        <line num="31" count="1" type="stmt"/>
        <line num="32" count="1" type="stmt"/>
        <line num="33" count="1" type="stmt"/>
        <line num="34" count="1" type="stmt"/>
        <line num="35" count="1" type="stmt"/>
        <line num="78" count="1" type="stmt"/>
      </file>
    </package>
    <package name="src.core.switch">
      <metrics statements="17" coveredstatements="17" conditionals="8" coveredconditionals="8" methods="6" coveredmethods="6"/>
      <file name="ThemeContext.tsx" path="C:\sergio-dev-portfolio\sergio-dev-portfolio\src\core\switch\ThemeContext.tsx">
        <metrics statements="17" coveredstatements="17" conditionals="8" coveredconditionals="8" methods="6" coveredmethods="6"/>
        <line num="1" count="3" type="stmt"/>
        <line num="8" count="3" type="stmt"/>
        <line num="10" count="3" type="stmt"/>
        <line num="11" count="18" type="stmt"/>
        <line num="13" count="18" type="stmt"/>
        <line num="14" count="18" type="cond" truecount="4" falsecount="0"/>
        <line num="18" count="18" type="stmt"/>
        <line num="19" count="18" type="stmt"/>
        <line num="20" count="18" type="stmt"/>
        <line num="23" count="18" type="stmt"/>
        <line num="24" count="3" type="cond" truecount="2" falsecount="0"/>
        <line num="27" count="18" type="stmt"/>
        <line num="34" count="3" type="stmt"/>
        <line num="35" count="23" type="stmt"/>
        <line num="36" count="22" type="cond" truecount="2" falsecount="0"/>
        <line num="37" count="2" type="stmt"/>
        <line num="39" count="20" type="stmt"/>
      </file>
    </package>
  </project>
</coverage>
