{"C:\\sergio-dev-portfolio\\sergio-dev-portfolio\\src\\App.tsx": {"path":"C:\\sergio-dev-portfolio\\sergio-dev-portfolio\\src\\App.tsx","statementMap":{"0":{"start":{"line":1,"column":0},"end":{"line":1,"column":26}},"1":{"start":{"line":2,"column":0},"end":{"line":2,"column":59}},"2":{"start":{"line":3,"column":0},"end":{"line":3,"column":48}},"3":{"start":{"line":4,"column":0},"end":{"line":4,"column":20}},"4":{"start":{"line":7,"column":2},"end":{"line":13,"column":4}},"5":{"start":{"line":15,"column":0},"end":{"line":15,"column":19}}},"fnMap":{"0":{"name":"App","decl":{"start":{"line":6,"column":9},"end":{"line":6,"column":12}},"loc":{"start":{"line":6,"column":12},"end":{"line":14,"column":1}}}},"branchMap":{},"s":{"0":1,"1":1,"2":1,"3":1,"4":3,"5":1},"f":{"0":3},"b":{}}
,"C:\\sergio-dev-portfolio\\sergio-dev-portfolio\\src\\components\\NavBar\\NavBar.tsx": {"path":"C:\\sergio-dev-portfolio\\sergio-dev-portfolio\\src\\components\\NavBar\\NavBar.tsx","statementMap":{"0":{"start":{"line":1,"column":0},"end":{"line":1,"column":40}},"1":{"start":{"line":2,"column":0},"end":{"line":2,"column":58}},"2":{"start":{"line":3,"column":0},"end":{"line":3,"column":23}},"3":{"start":{"line":6,"column":25},"end":{"line":76,"column":1}},"4":{"start":{"line":7,"column":33},"end":{"line":7,"column":43}},"5":{"start":{"line":8,"column":22},"end":{"line":8,"column":55}},"6":{"start":{"line":9,"column":34},"end":{"line":9,"column":49}},"7":{"start":{"line":11,"column":21},"end":{"line":11,"column":49}},"8":{"start":{"line":11,"column":27},"end":{"line":11,"column":49}},"9":{"start":{"line":13,"column":2},"end":{"line":75,"column":4}},"10":{"start":{"line":31,"column":47},"end":{"line":31,"column":65}},"11":{"start":{"line":32,"column":52},"end":{"line":32,"column":70}},"12":{"start":{"line":33,"column":50},"end":{"line":33,"column":68}},"13":{"start":{"line":34,"column":50},"end":{"line":34,"column":68}},"14":{"start":{"line":35,"column":49},"end":{"line":35,"column":67}},"15":{"start":{"line":78,"column":0},"end":{"line":78,"column":22}}},"fnMap":{"0":{"name":"(anonymous_0)","decl":{"start":{"line":6,"column":25},"end":{"line":6,"column":28}},"loc":{"start":{"line":6,"column":30},"end":{"line":76,"column":1}}},"1":{"name":"(anonymous_1)","decl":{"start":{"line":11,"column":21},"end":{"line":11,"column":24}},"loc":{"start":{"line":11,"column":27},"end":{"line":11,"column":49}}},"2":{"name":"(anonymous_2)","decl":{"start":{"line":31,"column":41},"end":{"line":31,"column":44}},"loc":{"start":{"line":31,"column":47},"end":{"line":31,"column":65}}},"3":{"name":"(anonymous_3)","decl":{"start":{"line":32,"column":46},"end":{"line":32,"column":49}},"loc":{"start":{"line":32,"column":52},"end":{"line":32,"column":70}}},"4":{"name":"(anonymous_4)","decl":{"start":{"line":33,"column":44},"end":{"line":33,"column":47}},"loc":{"start":{"line":33,"column":50},"end":{"line":33,"column":68}}},"5":{"name":"(anonymous_5)","decl":{"start":{"line":34,"column":44},"end":{"line":34,"column":47}},"loc":{"start":{"line":34,"column":50},"end":{"line":34,"column":68}}},"6":{"name":"(anonymous_6)","decl":{"start":{"line":35,"column":43},"end":{"line":35,"column":46}},"loc":{"start":{"line":35,"column":49},"end":{"line":35,"column":67}}}},"branchMap":{"0":{"loc":{"start":{"line":8,"column":22},"end":{"line":8,"column":55}},"type":"cond-expr","locations":[{"start":{"line":8,"column":41},"end":{"line":8,"column":46}},{"start":{"line":8,"column":49},"end":{"line":8,"column":55}}]},"1":{"loc":{"start":{"line":14,"column":47},"end":{"line":14,"column":77}},"type":"cond-expr","locations":[{"start":{"line":14,"column":58},"end":{"line":14,"column":72}},{"start":{"line":14,"column":75},"end":{"line":14,"column":77}}]},"2":{"loc":{"start":{"line":19,"column":22},"end":{"line":19,"column":61}},"type":"cond-expr","locations":[{"start":{"line":19,"column":33},"end":{"line":19,"column":46}},{"start":{"line":19,"column":49},"end":{"line":19,"column":61}}]},"3":{"loc":{"start":{"line":38,"column":9},"end":{"line":71,"column":null}},"type":"cond-expr","locations":[{"start":{"line":39,"column":10},"end":{"line":57,"column":null}},{"start":{"line":60,"column":10},"end":{"line":70,"column":null}}]}},"s":{"0":1,"1":1,"2":1,"3":1,"4":12,"5":12,"6":12,"7":12,"8":3,"9":12,"10":1,"11":1,"12":1,"13":1,"14":1,"15":1},"f":{"0":12,"1":3,"2":1,"3":1,"4":1,"5":1,"6":1},"b":{"0":[11,1],"1":[2,10],"2":[2,10],"3":[11,1]}}
,"C:\\sergio-dev-portfolio\\sergio-dev-portfolio\\src\\core\\switch\\ThemeContext.tsx": {"path":"C:\\sergio-dev-portfolio\\sergio-dev-portfolio\\src\\core\\switch\\ThemeContext.tsx","statementMap":{"0":{"start":{"line":1,"column":0},"end":{"line":1,"column":94}},"1":{"start":{"line":8,"column":21},"end":{"line":8,"column":75}},"2":{"start":{"line":10,"column":64},"end":{"line":32,"column":1}},"3":{"start":{"line":11,"column":30},"end":{"line":15,"column":null}},"4":{"start":{"line":13,"column":27},"end":{"line":13,"column":56}},"5":{"start":{"line":14,"column":12},"end":{"line":14,"column":99}},"6":{"start":{"line":18,"column":4},"end":{"line":21,"column":16}},"7":{"start":{"line":19,"column":8},"end":{"line":19,"column":40}},"8":{"start":{"line":20,"column":8},"end":{"line":20,"column":45}},"9":{"start":{"line":23,"column":24},"end":{"line":25,"column":5}},"10":{"start":{"line":24,"column":8},"end":{"line":24,"column":61}},"11":{"start":{"line":24,"column":25},"end":{"line":24,"column":59}},"12":{"start":{"line":27,"column":4},"end":{"line":31,"column":6}},"13":{"start":{"line":10,"column":13},"end":{"line":10,"column":64}},"14":{"start":{"line":34,"column":24},"end":{"line":40,"column":1}},"15":{"start":{"line":35,"column":20},"end":{"line":35,"column":44}},"16":{"start":{"line":36,"column":4},"end":{"line":38,"column":5}},"17":{"start":{"line":37,"column":8},"end":{"line":37,"column":70}},"18":{"start":{"line":39,"column":4},"end":{"line":39,"column":19}},"19":{"start":{"line":34,"column":13},"end":{"line":34,"column":24}}},"fnMap":{"0":{"name":"(anonymous_0)","decl":{"start":{"line":10,"column":64},"end":{"line":10,"column":65}},"loc":{"start":{"line":10,"column":81},"end":{"line":32,"column":1}}},"1":{"name":"(anonymous_1)","decl":{"start":{"line":12,"column":9},"end":{"line":12,"column":12}},"loc":{"start":{"line":12,"column":14},"end":{"line":15,"column":9}}},"2":{"name":"(anonymous_2)","decl":{"start":{"line":18,"column":14},"end":{"line":18,"column":17}},"loc":{"start":{"line":18,"column":19},"end":{"line":21,"column":5}}},"3":{"name":"(anonymous_3)","decl":{"start":{"line":23,"column":24},"end":{"line":23,"column":27}},"loc":{"start":{"line":23,"column":29},"end":{"line":25,"column":5}}},"4":{"name":"(anonymous_4)","decl":{"start":{"line":24,"column":17},"end":{"line":24,"column":21}},"loc":{"start":{"line":24,"column":25},"end":{"line":24,"column":59}}},"5":{"name":"(anonymous_5)","decl":{"start":{"line":34,"column":24},"end":{"line":34,"column":27}},"loc":{"start":{"line":34,"column":29},"end":{"line":40,"column":1}}}},"branchMap":{"0":{"loc":{"start":{"line":14,"column":19},"end":{"line":14,"column":98}},"type":"cond-expr","locations":[{"start":{"line":14,"column":62},"end":{"line":14,"column":89}},{"start":{"line":14,"column":92},"end":{"line":14,"column":98}}]},"1":{"loc":{"start":{"line":14,"column":19},"end":{"line":14,"column":58}},"type":"binary-expr","locations":[{"start":{"line":14,"column":19},"end":{"line":14,"column":36}},{"start":{"line":14,"column":40},"end":{"line":14,"column":58}}]},"2":{"loc":{"start":{"line":24,"column":25},"end":{"line":24,"column":59}},"type":"cond-expr","locations":[{"start":{"line":24,"column":43},"end":{"line":24,"column":50}},{"start":{"line":24,"column":53},"end":{"line":24,"column":59}}]},"3":{"loc":{"start":{"line":36,"column":4},"end":{"line":38,"column":5}},"type":"if","locations":[{"start":{"line":36,"column":4},"end":{"line":38,"column":5}},{"start":{},"end":{}}]}},"s":{"0":3,"1":3,"2":3,"3":18,"4":18,"5":18,"6":18,"7":18,"8":18,"9":18,"10":3,"11":3,"12":18,"13":3,"14":3,"15":23,"16":22,"17":2,"18":20,"19":3},"f":{"0":18,"1":18,"2":18,"3":3,"4":3,"5":23},"b":{"0":[13,5],"1":[18,10],"2":[2,1],"3":[2,20]}}
}
