TN:
SF:src\App.tsx
FN:6,App
FNF:1
FNH:1
FNDA:3,App
DA:1,1
DA:2,1
DA:3,1
DA:4,1
DA:7,3
DA:15,1
LF:6
LH:6
BRF:0
BRH:0
end_of_record
TN:
SF:src\components\NavBar\NavBar.tsx
FN:6,(anonymous_0)
FN:11,(anonymous_1)
FN:31,(anonymous_2)
FN:32,(anonymous_3)
FN:33,(anonymous_4)
FN:34,(anonymous_5)
FN:35,(anonymous_6)
FNF:7
FNH:7
FNDA:12,(anonymous_0)
FNDA:3,(anonymous_1)
FNDA:1,(anonymous_2)
FNDA:1,(anonymous_3)
FNDA:1,(anonymous_4)
FNDA:1,(anonymous_5)
FNDA:1,(anonymous_6)
DA:1,1
DA:2,1
DA:3,1
DA:6,1
DA:7,12
DA:8,12
DA:9,12
DA:11,12
DA:13,12
DA:31,1
DA:32,1
DA:33,1
DA:34,1
DA:35,1
DA:78,1
LF:15
LH:15
BRDA:8,0,0,11
BRDA:8,0,1,1
BRDA:14,1,0,2
BRDA:14,1,1,10
BRDA:19,2,0,2
BRDA:19,2,1,10
BRDA:38,3,0,11
BRDA:38,3,1,1
BRF:8
BRH:8
end_of_record
TN:
SF:src\core\switch\ThemeContext.tsx
FN:10,(anonymous_0)
FN:12,(anonymous_1)
FN:18,(anonymous_2)
FN:23,(anonymous_3)
FN:24,(anonymous_4)
FN:34,(anonymous_5)
FNF:6
FNH:6
FNDA:18,(anonymous_0)
FNDA:18,(anonymous_1)
FNDA:18,(anonymous_2)
FNDA:3,(anonymous_3)
FNDA:3,(anonymous_4)
FNDA:23,(anonymous_5)
DA:1,3
DA:8,3
DA:10,3
DA:11,18
DA:13,18
DA:14,18
DA:18,18
DA:19,18
DA:20,18
DA:23,18
DA:24,3
DA:27,18
DA:34,3
DA:35,23
DA:36,22
DA:37,2
DA:39,20
LF:17
LH:17
BRDA:14,0,0,13
BRDA:14,0,1,5
BRDA:14,1,0,18
BRDA:14,1,1,10
BRDA:24,2,0,2
BRDA:24,2,1,1
BRDA:36,3,0,2
BRDA:36,3,1,20
BRF:8
BRH:8
end_of_record
