TN:
SF:src\App.tsx
FN:6,App
FNF:1
FNH:1
FNDA:3,App
DA:1,2
DA:2,2
DA:3,2
DA:4,2
DA:7,3
DA:15,2
LF:6
LH:6
BRF:0
BRH:0
end_of_record
TN:
SF:src\main.tsx
FNF:0
FNH:0
DA:1,1
DA:2,1
DA:3,1
DA:5,1
LF:4
LH:4
BRF:0
BRH:0
end_of_record
TN:
SF:src\components\NavBar\NavBar.tsx
FN:6,(anonymous_0)
FN:11,(anonymous_1)
FN:31,(anonymous_2)
FN:32,(anonymous_3)
FN:33,(anonymous_4)
FN:34,(anonymous_5)
FN:35,(anonymous_6)
FNF:7
FNH:7
FNDA:12,(anonymous_0)
FNDA:3,(anonymous_1)
FNDA:1,(anonymous_2)
FNDA:1,(anonymous_3)
FNDA:1,(anonymous_4)
FNDA:1,(anonymous_5)
FNDA:1,(anonymous_6)
DA:1,2
DA:2,2
DA:3,2
DA:6,2
DA:7,12
DA:8,12
DA:9,12
DA:11,12
DA:13,12
DA:31,1
DA:32,1
DA:33,1
DA:34,1
DA:35,1
DA:78,2
LF:15
LH:15
BRDA:8,0,0,11
BRDA:8,0,1,1
BRDA:14,1,0,2
BRDA:14,1,1,10
BRDA:19,2,0,2
BRDA:19,2,1,10
BRDA:38,3,0,11
BRDA:38,3,1,1
BRF:8
BRH:8
end_of_record
TN:
SF:src\core\i18n\index.ts
FNF:0
FNH:0
DA:4,0
LF:1
LH:0
BRF:0
BRH:0
end_of_record
TN:
SF:src\core\switch\ThemeContext.tsx
FN:9,(anonymous_0)
FN:10,(anonymous_1)
FN:17,(anonymous_2)
FN:18,(anonymous_3)
FN:21,(anonymous_4)
FN:27,(anonymous_5)
FN:41,(anonymous_6)
FNF:7
FNH:7
FNDA:17,(anonymous_0)
FNDA:15,(anonymous_1)
FNDA:2,(anonymous_2)
FNDA:2,(anonymous_3)
FNDA:17,(anonymous_4)
FNDA:17,(anonymous_5)
FNDA:22,(anonymous_6)
DA:1,4
DA:7,4
DA:9,4
DA:10,17
DA:11,15
DA:12,15
DA:15,17
DA:17,17
DA:18,2
DA:21,17
DA:22,17
DA:23,17
DA:26,17
DA:27,17
DA:34,17
DA:41,4
DA:42,22
DA:43,21
DA:44,2
DA:46,19
LF:20
LH:20
BRDA:12,0,0,10
BRDA:12,0,1,5
BRDA:12,1,0,15
BRDA:12,1,1,9
BRDA:18,2,0,1
BRDA:18,2,1,1
BRDA:43,3,0,2
BRDA:43,3,1,19
BRF:8
BRH:8
end_of_record
